<?xml version="1.0" encoding="UTF-8"?>
<testsuite name="TestSuite" time="302.258" tests="4" errors="0" skipped="0" failures="4">
  <properties>
[...]
</properties>
  <testcase name="testHomepage" classname="testcases.VerifyLoginPage" time="104.488">
    <failure message="Expected condition failed: waiting for presence of element located by: By.xpath: //li[@id=&apos;link1&apos;] (tried for 20 second(s) with 500 MILLISECONDS interval)&#10;Build info: version: &apos;3.0.1&apos;, revision: &apos;1969d75&apos;, time: &apos;2016-10-18 09:49:13 -0700&apos;&#10;System info: host: &apos;INBGQT-LT-0111&apos;, ip: &apos;10.50.201.140&apos;, os.name: &apos;Windows 7&apos;, os.arch: &apos;amd64&apos;, os.version: &apos;6.1&apos;, java.version: &apos;1.8.0_111&apos;&#10;Driver info: org.openqa.selenium.firefox.FirefoxDriver&#10;Capabilities [{applicationCacheEnabled=true, rotatable=false, handlesAlerts=true, databaseEnabled=true, version=33.0, platform=WINDOWS, nativeEvents=false, acceptSslCerts=true, webStorageEnabled=true, locationContextEnabled=true, browserName=firefox, takesScreenshot=true, javascriptEnabled=true, cssSelectorsEnabled=true}]&#10;Session ID: 70a4ad45-341f-44fa-936b-0fbdb5f98cdc" type="org.openqa.selenium.TimeoutException"><![CDATA[org.openqa.selenium.TimeoutException: Expected condition failed: waiting for presence of element located by: By.xpath: //li[@id='link1'] (tried for 20 second(s) with 500 MILLISECONDS interval)
Build info: version: '3.0.1', revision: '1969d75', time: '2016-10-18 09:49:13 -0700'
System info: host: 'INBGQT-LT-0111', ip: '10.50.201.140', os.name: 'Windows 7', os.arch: 'amd64', os.version: '6.1', java.version: '1.8.0_111'
Driver info: org.openqa.selenium.firefox.FirefoxDriver
Capabilities [{applicationCacheEnabled=true, rotatable=false, handlesAlerts=true, databaseEnabled=true, version=33.0, platform=WINDOWS, nativeEvents=false, acceptSslCerts=true, webStorageEnabled=true, locationContextEnabled=true, browserName=firefox, takesScreenshot=true, javascriptEnabled=true, cssSelectorsEnabled=true}]
Session ID: 70a4ad45-341f-44fa-936b-0fbdb5f98cdc
	at sun.reflect.NativeConstructorAccessorImpl.newInstance0(Native Method)
	at sun.reflect.NativeConstructorAccessorImpl.newInstance(NativeConstructorAccessorImpl.java:62)
	at sun.reflect.DelegatingConstructorAccessorImpl.newInstance(DelegatingConstructorAccessorImpl.java:45)
	at java.lang.reflect.Constructor.newInstance(Constructor.java:423)
	at org.openqa.selenium.remote.ErrorHandler.createThrowable(ErrorHandler.java:216)
	at org.openqa.selenium.remote.ErrorHandler.throwIfResponseFailed(ErrorHandler.java:168)
	at org.openqa.selenium.remote.RemoteWebDriver.execute(RemoteWebDriver.java:635)
	at org.openqa.selenium.remote.RemoteWebDriver.findElement(RemoteWebDriver.java:368)
	at org.openqa.selenium.remote.RemoteWebDriver.findElementByXPath(RemoteWebDriver.java:473)
	at org.openqa.selenium.By$ByXPath.findElement(By.java:361)
	at org.openqa.selenium.remote.RemoteWebDriver.findElement(RemoteWebDriver.java:360)
	at org.openqa.selenium.support.ui.ExpectedConditions.findElement(ExpectedConditions.java:895)
	at org.openqa.selenium.support.ui.ExpectedConditions.access$000(ExpectedConditions.java:41)
	at org.openqa.selenium.support.ui.ExpectedConditions$6.apply(ExpectedConditions.java:181)
	at org.openqa.selenium.support.ui.ExpectedConditions$6.apply(ExpectedConditions.java:178)
	at org.openqa.selenium.support.ui.FluentWait.until(FluentWait.java:238)
	at pages.LogInPage.verifyMyOrder(LogInPage.java:42)
	at testcases.VerifyLoginPage.testHomepage(VerifyLoginPage.java:39)
Caused by: org.openqa.selenium.NoSuchElementException: Unable to locate element: {"method":"xpath","selector":"//li[@id='link1']"}
For documentation on this error, please visit: http://seleniumhq.org/exceptions/no_such_element.html
Build info: version: '3.0.1', revision: '1969d75', time: '2016-10-18 09:49:13 -0700'
System info: host: 'INBGQT-LT-0111', ip: '10.50.201.140', os.name: 'Windows 7', os.arch: 'amd64', os.version: '6.1', java.version: '1.8.0_111'
Driver info: driver.version: unknown
	at <anonymous class>.FirefoxDriver.prototype.findElementInternal_(file:///C:/Users/RISHEK~1.KUM/AppData/Local/Temp/anonymous4102169841138602126webdriver-profile/extensions/fxdriver@googlecode.com/components/driver-component.js:11187)
	at <anonymous class>.fxdriver.Timer.prototype.setTimeout/<.notify(file:///C:/Users/RISHEK~1.KUM/AppData/Local/Temp/anonymous4102169841138602126webdriver-profile/extensions/fxdriver@googlecode.com/components/driver-component.js:792)
]]></failure>
    <system-err><![CDATA[Feb 27, 2017 2:17:43 PM org.openqa.selenium.remote.ProtocolHandshake createSession
INFO: Attempting bi-dialect session, assuming Postel's Law holds true on the remote end
Feb 27, 2017 2:17:44 PM org.openqa.selenium.remote.ProtocolHandshake createSession
INFO: Detected dialect: OSS
]]></system-err>
  </testcase>
  <testcase name="TearDown" classname="testcases.VerifyLoginPage" time="104.802">
    <failure message="Process refused to die after 10 seconds, and couldn&apos;t taskkill it: Unable to find executable for: taskkill" type="java.lang.RuntimeException"><![CDATA[java.lang.RuntimeException: Process refused to die after 10 seconds, and couldn't taskkill it: Unable to find executable for: taskkill
	at com.google.common.base.Preconditions.checkNotNull(Preconditions.java:251)
	at org.openqa.selenium.os.UnixProcess.<init>(UnixProcess.java:62)
	at org.openqa.selenium.os.CommandLine.<init>(CommandLine.java:38)
	at org.openqa.selenium.os.WindowsUtils.killPID(WindowsUtils.java:178)
	at org.openqa.selenium.os.ProcessUtils.killWinProcess(ProcessUtils.java:128)
	at org.openqa.selenium.os.ProcessUtils.killProcess(ProcessUtils.java:81)
	at org.openqa.selenium.os.UnixProcess$SeleniumWatchDog.destroyHarder(UnixProcess.java:254)
	at org.openqa.selenium.os.UnixProcess$SeleniumWatchDog.access$200(UnixProcess.java:208)
	at org.openqa.selenium.os.UnixProcess.destroy(UnixProcess.java:125)
	at org.openqa.selenium.os.CommandLine.destroy(CommandLine.java:155)
	at org.openqa.selenium.firefox.FirefoxBinary.quit(FirefoxBinary.java:246)
	at org.openqa.selenium.firefox.internal.NewProfileExtensionConnection.quit(NewProfileExtensionConnection.java:194)
	at org.openqa.selenium.firefox.FirefoxDriver$LazyCommandExecutor.quit(FirefoxDriver.java:451)
	at org.openqa.selenium.firefox.FirefoxDriver.stopClient(FirefoxDriver.java:389)
	at org.openqa.selenium.remote.RemoteWebDriver.quit(RemoteWebDriver.java:500)
	at factory.BrowserFactory.closeBrowser(BrowserFactory.java:42)
	at testcases.VerifyLoginPage.TearDown(VerifyLoginPage.java:45)
]]></failure>
    <system-err><![CDATA[Feb 27, 2017 2:19:37 PM org.openqa.selenium.os.ProcessUtils killWinProcess
WARNING: Process refused to die after 10 seconds, and couldn't taskkill it
java.lang.NullPointerException: Unable to find executable for: taskkill
	at com.google.common.base.Preconditions.checkNotNull(Preconditions.java:251)
	at org.openqa.selenium.os.UnixProcess.<init>(UnixProcess.java:62)
	at org.openqa.selenium.os.CommandLine.<init>(CommandLine.java:38)
	at org.openqa.selenium.os.WindowsUtils.killPID(WindowsUtils.java:178)
	at org.openqa.selenium.os.ProcessUtils.killWinProcess(ProcessUtils.java:128)
	at org.openqa.selenium.os.ProcessUtils.killProcess(ProcessUtils.java:81)
	at org.openqa.selenium.os.UnixProcess$SeleniumWatchDog.destroyHarder(UnixProcess.java:254)
	at org.openqa.selenium.os.UnixProcess$SeleniumWatchDog.access$200(UnixProcess.java:208)
	at org.openqa.selenium.os.UnixProcess.destroy(UnixProcess.java:125)
	at org.openqa.selenium.os.CommandLine.destroy(CommandLine.java:155)
	at org.openqa.selenium.firefox.FirefoxBinary.quit(FirefoxBinary.java:246)
	at org.openqa.selenium.firefox.internal.NewProfileExtensionConnection.quit(NewProfileExtensionConnection.java:194)
	at org.openqa.selenium.firefox.FirefoxDriver$LazyCommandExecutor.quit(FirefoxDriver.java:451)
	at org.openqa.selenium.firefox.FirefoxDriver.stopClient(FirefoxDriver.java:389)
	at org.openqa.selenium.remote.RemoteWebDriver.quit(RemoteWebDriver.java:500)
	at factory.BrowserFactory.closeBrowser(BrowserFactory.java:42)
	at testcases.VerifyLoginPage.TearDown(VerifyLoginPage.java:45)
	at sun.reflect.NativeMethodAccessorImpl.invoke0(Native Method)
	at sun.reflect.NativeMethodAccessorImpl.invoke(NativeMethodAccessorImpl.java:62)
	at sun.reflect.DelegatingMethodAccessorImpl.invoke(DelegatingMethodAccessorImpl.java:43)
	at java.lang.reflect.Method.invoke(Method.java:498)
	at org.testng.internal.MethodInvocationHelper.invokeMethod(MethodInvocationHelper.java:80)
	at org.testng.internal.Invoker.invokeConfigurationMethod(Invoker.java:564)
	at org.testng.internal.Invoker.invokeConfigurations(Invoker.java:213)
	at org.testng.internal.Invoker.invokeMethod(Invoker.java:786)
	at org.testng.internal.Invoker.invokeTestMethod(Invoker.java:901)
	at org.testng.internal.Invoker.invokeTestMethods(Invoker.java:1231)
	at org.testng.internal.TestMethodWorker.invokeTestMethods(TestMethodWorker.java:127)
	at org.testng.internal.TestMethodWorker.run(TestMethodWorker.java:111)
	at org.testng.TestRunner.privateRun(TestRunner.java:767)
	at org.testng.TestRunner.run(TestRunner.java:617)
	at org.testng.SuiteRunner.runTest(SuiteRunner.java:334)
	at org.testng.SuiteRunner.runSequentially(SuiteRunner.java:329)
	at org.testng.SuiteRunner.privateRun(SuiteRunner.java:291)
	at org.testng.SuiteRunner.run(SuiteRunner.java:240)
	at org.testng.SuiteRunnerWorker.runSuite(SuiteRunnerWorker.java:52)
	at org.testng.SuiteRunnerWorker.run(SuiteRunnerWorker.java:86)
	at org.testng.TestNG.runSuitesSequentially(TestNG.java:1198)
	at org.testng.TestNG.runSuitesLocally(TestNG.java:1123)
	at org.testng.TestNG.run(TestNG.java:1031)
	at org.apache.maven.surefire.testng.TestNGExecutor.run(TestNGExecutor.java:295)
	at org.apache.maven.surefire.testng.TestNGXmlTestSuite.execute(TestNGXmlTestSuite.java:84)
	at org.apache.maven.surefire.testng.TestNGProvider.invoke(TestNGProvider.java:90)
	at org.apache.maven.surefire.booter.ForkedBooter.invokeProviderInSameClassLoader(ForkedBooter.java:203)
	at org.apache.maven.surefire.booter.ForkedBooter.runSuitesInProcess(ForkedBooter.java:155)
	at org.apache.maven.surefire.booter.ForkedBooter.main(ForkedBooter.java:103)

]]></system-err>
  </testcase>
  <testcase name="testHomepage" classname="testcases.VerifyHomePage" time="46.467">
    <failure message="expected [true] but found [false]" type="java.lang.AssertionError">java.lang.AssertionError: expected [true] but found [false]
	at org.testng.Assert.fail(Assert.java:94)
	at org.testng.Assert.failNotEquals(Assert.java:494)
	at org.testng.Assert.assertTrue(Assert.java:42)
	at org.testng.Assert.assertTrue(Assert.java:52)
	at testcases.VerifyHomePage.testHomepage(VerifyHomePage.java:33)
</failure>
    <system-err><![CDATA[Feb 27, 2017 2:19:42 PM org.openqa.selenium.remote.ProtocolHandshake createSession
INFO: Attempting bi-dialect session, assuming Postel's Law holds true on the remote end
Feb 27, 2017 2:19:42 PM org.openqa.selenium.remote.ProtocolHandshake createSession
INFO: Detected dialect: OSS
]]></system-err>
  </testcase>
  <testcase name="TearDown" classname="testcases.VerifyHomePage" time="46.501">
    <failure message="Process refused to die after 10 seconds, and couldn&apos;t taskkill it: Unable to find executable for: taskkill" type="java.lang.RuntimeException"><![CDATA[java.lang.RuntimeException: Process refused to die after 10 seconds, and couldn't taskkill it: Unable to find executable for: taskkill
	at com.google.common.base.Preconditions.checkNotNull(Preconditions.java:251)
	at org.openqa.selenium.os.UnixProcess.<init>(UnixProcess.java:62)
	at org.openqa.selenium.os.CommandLine.<init>(CommandLine.java:38)
	at org.openqa.selenium.os.WindowsUtils.killPID(WindowsUtils.java:178)
	at org.openqa.selenium.os.ProcessUtils.killWinProcess(ProcessUtils.java:128)
	at org.openqa.selenium.os.ProcessUtils.killProcess(ProcessUtils.java:81)
	at org.openqa.selenium.os.UnixProcess$SeleniumWatchDog.destroyHarder(UnixProcess.java:254)
	at org.openqa.selenium.os.UnixProcess$SeleniumWatchDog.access$200(UnixProcess.java:208)
	at org.openqa.selenium.os.UnixProcess.destroy(UnixProcess.java:125)
	at org.openqa.selenium.os.CommandLine.destroy(CommandLine.java:155)
	at org.openqa.selenium.firefox.FirefoxBinary.quit(FirefoxBinary.java:246)
	at org.openqa.selenium.firefox.internal.NewProfileExtensionConnection.quit(NewProfileExtensionConnection.java:194)
	at org.openqa.selenium.firefox.FirefoxDriver$LazyCommandExecutor.quit(FirefoxDriver.java:451)
	at org.openqa.selenium.firefox.FirefoxDriver.stopClient(FirefoxDriver.java:389)
	at org.openqa.selenium.remote.RemoteWebDriver.quit(RemoteWebDriver.java:500)
	at factory.BrowserFactory.closeBrowser(BrowserFactory.java:42)
	at testcases.VerifyHomePage.TearDown(VerifyHomePage.java:39)
]]></failure>
    <system-err><![CDATA[Feb 27, 2017 2:20:33 PM org.openqa.selenium.os.ProcessUtils killWinProcess
WARNING: Process refused to die after 10 seconds, and couldn't taskkill it
java.lang.NullPointerException: Unable to find executable for: taskkill
	at com.google.common.base.Preconditions.checkNotNull(Preconditions.java:251)
	at org.openqa.selenium.os.UnixProcess.<init>(UnixProcess.java:62)
	at org.openqa.selenium.os.CommandLine.<init>(CommandLine.java:38)
	at org.openqa.selenium.os.WindowsUtils.killPID(WindowsUtils.java:178)
	at org.openqa.selenium.os.ProcessUtils.killWinProcess(ProcessUtils.java:128)
	at org.openqa.selenium.os.ProcessUtils.killProcess(ProcessUtils.java:81)
	at org.openqa.selenium.os.UnixProcess$SeleniumWatchDog.destroyHarder(UnixProcess.java:254)
	at org.openqa.selenium.os.UnixProcess$SeleniumWatchDog.access$200(UnixProcess.java:208)
	at org.openqa.selenium.os.UnixProcess.destroy(UnixProcess.java:125)
	at org.openqa.selenium.os.CommandLine.destroy(CommandLine.java:155)
	at org.openqa.selenium.firefox.FirefoxBinary.quit(FirefoxBinary.java:246)
	at org.openqa.selenium.firefox.internal.NewProfileExtensionConnection.quit(NewProfileExtensionConnection.java:194)
	at org.openqa.selenium.firefox.FirefoxDriver$LazyCommandExecutor.quit(FirefoxDriver.java:451)
	at org.openqa.selenium.firefox.FirefoxDriver.stopClient(FirefoxDriver.java:389)
	at org.openqa.selenium.remote.RemoteWebDriver.quit(RemoteWebDriver.java:500)
	at factory.BrowserFactory.closeBrowser(BrowserFactory.java:42)
	at testcases.VerifyHomePage.TearDown(VerifyHomePage.java:39)
	at sun.reflect.NativeMethodAccessorImpl.invoke0(Native Method)
	at sun.reflect.NativeMethodAccessorImpl.invoke(NativeMethodAccessorImpl.java:62)
	at sun.reflect.DelegatingMethodAccessorImpl.invoke(DelegatingMethodAccessorImpl.java:43)
	at java.lang.reflect.Method.invoke(Method.java:498)
	at org.testng.internal.MethodInvocationHelper.invokeMethod(MethodInvocationHelper.java:80)
	at org.testng.internal.Invoker.invokeConfigurationMethod(Invoker.java:564)
	at org.testng.internal.Invoker.invokeConfigurations(Invoker.java:213)
	at org.testng.internal.Invoker.invokeMethod(Invoker.java:786)
	at org.testng.internal.Invoker.invokeTestMethod(Invoker.java:901)
	at org.testng.internal.Invoker.invokeTestMethods(Invoker.java:1231)
	at org.testng.internal.TestMethodWorker.invokeTestMethods(TestMethodWorker.java:127)
	at org.testng.internal.TestMethodWorker.run(TestMethodWorker.java:111)
	at org.testng.TestRunner.privateRun(TestRunner.java:767)
	at org.testng.TestRunner.run(TestRunner.java:617)
	at org.testng.SuiteRunner.runTest(SuiteRunner.java:334)
	at org.testng.SuiteRunner.runSequentially(SuiteRunner.java:329)
	at org.testng.SuiteRunner.privateRun(SuiteRunner.java:291)
	at org.testng.SuiteRunner.run(SuiteRunner.java:240)
	at org.testng.SuiteRunnerWorker.runSuite(SuiteRunnerWorker.java:52)
	at org.testng.SuiteRunnerWorker.run(SuiteRunnerWorker.java:86)
	at org.testng.TestNG.runSuitesSequentially(TestNG.java:1198)
	at org.testng.TestNG.runSuitesLocally(TestNG.java:1123)
	at org.testng.TestNG.run(TestNG.java:1031)
	at org.apache.maven.surefire.testng.TestNGExecutor.run(TestNGExecutor.java:295)
	at org.apache.maven.surefire.testng.TestNGXmlTestSuite.execute(TestNGXmlTestSuite.java:84)
	at org.apache.maven.surefire.testng.TestNGProvider.invoke(TestNGProvider.java:90)
	at org.apache.maven.surefire.booter.ForkedBooter.invokeProviderInSameClassLoader(ForkedBooter.java:203)
	at org.apache.maven.surefire.booter.ForkedBooter.runSuitesInProcess(ForkedBooter.java:155)
	at org.apache.maven.surefire.booter.ForkedBooter.main(ForkedBooter.java:103)

]]></system-err>
  </testcase>
</testsuite>